Dec-06 14:26:36.881 [main] DEBUG nextflow.cli.Launcher - $> nextflow run allcaps.nf
Dec-06 14:26:37.086 [main] DEBUG nextflow.cli.CmdRun - N E X T F L O W  ~  version 24.10.2
Dec-06 14:26:37.117 [main] DEBUG nextflow.plugin.PluginsFacade - Setting up plugin manager > mode=prod; embedded=false; plugins-dir=/Users/tiger/.nextflow/plugins; core-plugins: nf-amazon@2.9.2,nf-azure@1.10.2,nf-cloudcache@0.4.2,nf-codecommit@0.2.2,nf-console@1.1.4,nf-google@1.15.2,nf-tower@1.9.3,nf-wave@1.7.4
Dec-06 14:26:37.142 [main] INFO  o.pf4j.DefaultPluginStatusProvider - Enabled plugins: []
Dec-06 14:26:37.142 [main] INFO  o.pf4j.DefaultPluginStatusProvider - Disabled plugins: []
Dec-06 14:26:37.148 [main] INFO  org.pf4j.DefaultPluginManager - PF4J version 3.12.0 in 'deployment' mode
Dec-06 14:26:37.179 [main] INFO  org.pf4j.AbstractPluginManager - No plugins
Dec-06 14:26:37.248 [main] DEBUG nextflow.config.ConfigBuilder - Found config local: /Users/tiger/mini-assignments-tigery2005/Yang-T_A15/nextflow.config
Dec-06 14:26:37.252 [main] DEBUG nextflow.config.ConfigBuilder - Parsing config file: /Users/tiger/mini-assignments-tigery2005/Yang-T_A15/nextflow.config
Dec-06 14:26:37.319 [main] DEBUG n.secret.LocalSecretsProvider - Secrets store: /Users/tiger/.nextflow/secrets/store.json
Dec-06 14:26:37.328 [main] DEBUG nextflow.secret.SecretsLoader - Discovered secrets providers: [nextflow.secret.LocalSecretsProvider@56f2bbea] - activable => nextflow.secret.LocalSecretsProvider@56f2bbea
Dec-06 14:26:37.348 [main] DEBUG nextflow.config.ConfigBuilder - Applying config profile: `standard`
Dec-06 14:26:38.075 [main] DEBUG nextflow.cli.CmdRun - Applied DSL=2 by global default
Dec-06 14:26:38.138 [main] DEBUG nextflow.cli.CmdRun - Launching `allcaps.nf` [tiny_colden] DSL2 - revision: 32fa29495b
Dec-06 14:26:38.145 [main] DEBUG nextflow.plugin.PluginsFacade - Plugins default=[]
Dec-06 14:26:38.146 [main] DEBUG nextflow.plugin.PluginsFacade - Plugins resolved requirement=[]
Dec-06 14:26:38.229 [main] DEBUG nextflow.Session - Session UUID: 307b5f1e-310f-4d13-ae4b-3a35a17c7e0c
Dec-06 14:26:38.229 [main] DEBUG nextflow.Session - Run name: tiny_colden
Dec-06 14:26:38.229 [main] DEBUG nextflow.Session - Executor pool size: 12
Dec-06 14:26:38.236 [main] DEBUG nextflow.file.FilePorter - File porter settings maxRetries=3; maxTransfers=50; pollTimeout=null
Dec-06 14:26:38.241 [main] DEBUG nextflow.util.ThreadPoolBuilder - Creating thread pool 'FileTransfer' minSize=10; maxSize=36; workQueue=LinkedBlockingQueue[10000]; allowCoreThreadTimeout=false
Dec-06 14:26:38.270 [main] DEBUG nextflow.cli.CmdRun - 
  Version: 24.10.2 build 5932
  Created: 27-11-2024 21:23 UTC (13:23 PDT)
  System: Mac OS X 15.1
  Runtime: Groovy 4.0.23 on OpenJDK 64-Bit Server VM 17.0.2+8
  Encoding: UTF-8 (UTF-8)
  Process: 59897@MacBook-Pro.local [127.0.0.1]
  CPUs: 12 - Mem: 24 GB (42.3 MB) - Swap: 2 GB (1.4 GB)
Dec-06 14:26:38.296 [main] DEBUG nextflow.Session - Work-dir: /Users/tiger/mini-assignments-tigery2005/Yang-T_A15/work [Mac OS X]
Dec-06 14:26:38.296 [main] DEBUG nextflow.Session - Script base path does not exist or is not a directory: /Users/tiger/mini-assignments-tigery2005/Yang-T_A15/bin
Dec-06 14:26:38.303 [main] DEBUG nextflow.executor.ExecutorFactory - Extension executors providers=[]
Dec-06 14:26:38.314 [main] DEBUG nextflow.Session - Observer factory: DefaultObserverFactory
Dec-06 14:26:38.345 [main] DEBUG nextflow.cache.CacheFactory - Using Nextflow cache factory: nextflow.cache.DefaultCacheFactory
Dec-06 14:26:38.355 [main] DEBUG nextflow.util.CustomThreadPool - Creating default thread pool > poolSize: 13; maxThreads: 1000
Dec-06 14:26:38.387 [main] DEBUG nextflow.Session - Session start
Dec-06 14:26:38.685 [main] DEBUG nextflow.script.ScriptRunner - > Launching execution
Dec-06 14:26:38.796 [main] DEBUG nextflow.executor.ExecutorFactory - << taskConfig executor: local
Dec-06 14:26:38.797 [main] DEBUG nextflow.executor.ExecutorFactory - >> processorType: 'local'
Dec-06 14:26:38.802 [main] DEBUG nextflow.executor.Executor - [warm up] executor > local
Dec-06 14:26:38.806 [main] DEBUG n.processor.LocalPollingMonitor - Creating local task monitor for executor 'local' > cpus=12; memory=24 GB; capacity=12; pollInterval=100ms; dumpInterval=5m
Dec-06 14:26:38.807 [main] DEBUG n.processor.TaskPollingMonitor - >>> barrier register (monitor: local)
Dec-06 14:26:38.897 [main] DEBUG nextflow.Session - Workflow process names [dsl2]: toUpperCase
Dec-06 14:26:38.897 [main] DEBUG nextflow.Session - Igniting dataflow network (2)
Dec-06 14:26:38.897 [main] DEBUG nextflow.processor.TaskProcessor - Starting process > toUpperCase
Dec-06 14:26:38.898 [main] DEBUG nextflow.script.ScriptRunner - Parsed script files:
  Script_bf8c550f51dbd4b8: /Users/tiger/mini-assignments-tigery2005/Yang-T_A15/allcaps.nf
Dec-06 14:26:38.898 [main] DEBUG nextflow.script.ScriptRunner - > Awaiting termination 
Dec-06 14:26:38.898 [main] DEBUG nextflow.Session - Session await
Dec-06 14:26:39.097 [Task submitter] DEBUG n.executor.local.LocalTaskHandler - Launch cmd line: /bin/bash -ue .command.run
Dec-06 14:26:39.099 [Task submitter] INFO  nextflow.Session - [ed/f19594] Submitted process > toUpperCase (1)
Dec-06 14:26:39.155 [Task monitor] DEBUG n.processor.TaskPollingMonitor - Task completed > TaskHandler[id: 1; name: toUpperCase (1); status: COMPLETED; exit: 0; error: -; workDir: /Users/tiger/mini-assignments-tigery2005/Yang-T_A15/work/ed/f19594ba43e1906eac04dd8164db89]
Dec-06 14:26:39.156 [Task monitor] DEBUG nextflow.util.ThreadPoolBuilder - Creating thread pool 'TaskFinalizer' minSize=10; maxSize=36; workQueue=LinkedBlockingQueue[10000]; allowCoreThreadTimeout=false
Dec-06 14:26:39.184 [main] DEBUG nextflow.Session - Session await > all processes finished
Dec-06 14:26:39.258 [Task monitor] DEBUG n.processor.TaskPollingMonitor - <<< barrier arrives (monitor: local) - terminating tasks monitor poll loop
Dec-06 14:26:39.258 [main] DEBUG nextflow.Session - Session await > all barriers passed
Dec-06 14:26:39.264 [main] DEBUG nextflow.util.ThreadPoolManager - Thread pool 'TaskFinalizer' shutdown completed (hard=false)
Dec-06 14:26:39.268 [main] DEBUG n.trace.WorkflowStatsObserver - Workflow completed > WorkflowStats[succeededCount=1; failedCount=0; ignoredCount=0; cachedCount=0; pendingCount=0; submittedCount=0; runningCount=0; retriesCount=0; abortedCount=0; succeedDuration=17ms; failedDuration=0ms; cachedDuration=0ms;loadCpus=0; loadMemory=0; peakRunning=1; peakCpus=1; peakMemory=512 MB; ]
Dec-06 14:26:39.362 [main] DEBUG nextflow.cache.CacheDB - Closing CacheDB done
Dec-06 14:26:39.394 [main] DEBUG nextflow.util.ThreadPoolManager - Thread pool 'FileTransfer' shutdown completed (hard=false)
Dec-06 14:26:39.394 [main] DEBUG nextflow.script.ScriptRunner - > Execution complete -- Goodbye
